# JRE version: OpenJDK Runtime Environment (21.0.8) (build 21.0.8+-14196175-b1038.72)
# Java VM: OpenJDK 64-Bit Server VM (21.0.8+-14196175-b1038.72, mixed mode, tiered, compressed oops, compressed class ptrs, g1 gc, windows-amd64)
GC Precious Log:
 CardTable entry size: 512
 Card Set container configuration: InlinePtr #cards 4 size 8 Array Of Cards #cards 16 size 48 Howl #buckets 8 coarsen threshold 3686 Howl Bitmap #cards 512 size 80 coarsen threshold 460 Card regions per heap region 1 cards per card region 4096
 CPUs: 12 total, 12 available
 Memory: 16027M
 Large Page Support: Disabled
 NUMA Support: Disabled
 Compressed Oops: Enabled (Zero based)
 Heap Region Size: 2M
 Heap Min Capacity: 8M
 Heap Initial Capacity: 252M
 Heap Max Capacity: 4008M
 Pre-touch: Disabled
 Parallel Workers: 10
 Concurrent Workers: 3
 Concurrent Refinement Workers: 10
 Periodic GC: Disabled
Heap:
 garbage-first heap   total 151552K, used 90297K [0x0000000705800000, 0x0000000800000000)
  region size 2048K, 37 young (75776K), 2 survivors (4096K)
 Metaspace       used 49467K, committed 50176K, reserved 1114112K
  class space    used 6068K, committed 6400K, reserved 1048576K
GC Heap History (16 events):
Event: 0.590 GC heap before
{Heap before GC invocations=0 (full 0):
 garbage-first heap   total 258048K, used 24576K [0x0000000705800000, 0x0000000800000000)
  region size 2048K, 11 young (22528K), 0 survivors (0K)
 Metaspace       used 13821K, committed 13952K, reserved 1114112K
  class space    used 1343K, committed 1408K, reserved 1048576K
}
Event: 0.594 GC heap after
{Heap after GC invocations=1 (full 0):
 garbage-first heap   total 258048K, used 7103K [0x0000000705800000, 0x0000000800000000)
  region size 2048K, 2 young (4096K), 2 survivors (4096K)
 Metaspace       used 13821K, committed 13952K, reserved 1114112K
  class space    used 1343K, committed 1408K, reserved 1048576K
}
Event: 1.007 GC heap before
{Heap before GC invocations=1 (full 0):
 garbage-first heap   total 258048K, used 27583K [0x0000000705800000, 0x0000000800000000)
  region size 2048K, 14 young (28672K), 2 survivors (4096K)
 Metaspace       used 21275K, committed 21504K, reserved 1114112K
  class space    used 2310K, committed 2432K, reserved 1048576K
}
Event: 1.012 GC heap after
{Heap after GC invocations=2 (full 0):
 garbage-first heap   total 258048K, used 9210K [0x0000000705800000, 0x0000000800000000)
  region size 2048K, 3 young (6144K), 3 survivors (6144K)
 Metaspace       used 21275K, committed 21504K, reserved 1114112K
  class space    used 2310K, committed 2432K, reserved 1048576K
}
Event: 1.614 GC heap before
{Heap before GC invocations=3 (full 0):
 garbage-first heap   total 34816K, used 33786K [0x0000000705800000, 0x0000000800000000)
  region size 2048K, 15 young (30720K), 3 survivors (6144K)
 Metaspace       used 29143K, committed 29376K, reserved 1114112K
  class space    used 3569K, committed 3648K, reserved 1048576K
}
Event: 1.627 GC heap after
{Heap after GC invocations=4 (full 0):
 garbage-first heap   total 43008K, used 11285K [0x0000000705800000, 0x0000000800000000)
  region size 2048K, 4 young (8192K), 4 survivors (8192K)
 Metaspace       used 29143K, committed 29376K, reserved 1114112K
  class space    used 3569K, committed 3648K, reserved 1048576K
}
Event: 1.923 GC heap before
{Heap before GC invocations=4 (full 0):
 garbage-first heap   total 43008K, used 29717K [0x0000000705800000, 0x0000000800000000)
  region size 2048K, 12 young (24576K), 4 survivors (8192K)
 Metaspace       used 30610K, committed 30848K, reserved 1114112K
  class space    used 3918K, committed 4032K, reserved 1048576K
}
Event: 1.933 GC heap after
{Heap after GC invocations=5 (full 0):
 garbage-first heap   total 43008K, used 16448K [0x0000000705800000, 0x0000000800000000)
  region size 2048K, 2 young (4096K), 2 survivors (4096K)
 Metaspace       used 30610K, committed 30848K, reserved 1114112K
  class space    used 3918K, committed 4032K, reserved 1048576K
}
Event: 2.348 GC heap before
{Heap before GC invocations=5 (full 0):
 garbage-first heap   total 43008K, used 32832K [0x0000000705800000, 0x0000000800000000)
  region size 2048K, 10 young (20480K), 2 survivors (4096K)
 Metaspace       used 35002K, committed 35200K, reserved 1114112K
  class space    used 4425K, committed 4544K, reserved 1048576K
}
Event: 2.358 GC heap after
{Heap after GC invocations=6 (full 0):
 garbage-first heap   total 43008K, used 16384K [0x0000000705800000, 0x0000000800000000)
  region size 2048K, 1 young (2048K), 1 survivors (2048K)
 Metaspace       used 35002K, committed 35200K, reserved 1114112K
  class space    used 4425K, committed 4544K, reserved 1048576K
}
Event: 2.517 GC heap before
{Heap before GC invocations=6 (full 0):
 garbage-first heap   total 43008K, used 18432K [0x0000000705800000, 0x0000000800000000)
  region size 2048K, 3 young (6144K), 1 survivors (2048K)
 Metaspace       used 35736K, committed 35968K, reserved 1114112K
  class space    used 4499K, committed 4608K, reserved 1048576K
}
Event: 2.521 GC heap after
{Heap after GC invocations=7 (full 0):
 garbage-first heap   total 43008K, used 16837K [0x0000000705800000, 0x0000000800000000)
  region size 2048K, 2 young (4096K), 2 survivors (4096K)
 Metaspace       used 35736K, committed 35968K, reserved 1114112K
  class space    used 4499K, committed 4608K, reserved 1048576K
}
Event: 2.810 GC heap before
{Heap before GC invocations=8 (full 0):
 garbage-first heap   total 43008K, used 33221K [0x0000000705800000, 0x0000000800000000)
  region size 2048K, 10 young (20480K), 2 survivors (4096K)
 Metaspace       used 38938K, committed 39168K, reserved 1114112K
  class space    used 4847K, committed 4928K, reserved 1048576K
}
Event: 2.816 GC heap after
{Heap after GC invocations=9 (full 0):
 garbage-first heap   total 43008K, used 18465K [0x0000000705800000, 0x0000000800000000)
  region size 2048K, 2 young (4096K), 2 survivors (4096K)
 Metaspace       used 38938K, committed 39168K, reserved 1114112K
  class space    used 4847K, committed 4928K, reserved 1048576K
}
Event: 3.076 GC heap before
{Heap before GC invocations=9 (full 0):
 garbage-first heap   total 43008K, used 32801K [0x0000000705800000, 0x0000000800000000)
  region size 2048K, 9 young (18432K), 2 survivors (4096K)
 Metaspace       used 41836K, committed 42112K, reserved 1114112K
  class space    used 5106K, committed 5248K, reserved 1048576K
}
Event: 3.082 GC heap after
{Heap after GC invocations=10 (full 0):
 garbage-first heap   total 151552K, used 20665K [0x0000000705800000, 0x0000000800000000)
  region size 2048K, 2 young (4096K), 2 survivors (4096K)
 Metaspace       used 41836K, committed 42112K, reserved 1114112K
  class space    used 5106K, committed 5248K, reserved 1048576K
}

